<?xml version="1.0" encoding="UTF-8"?>
<!-- Generated by org.testng.reporters.JUnitReportReporter -->
<testsuite skipped="0" hostname="DESKTOP-97PDBKT" name="tutorial1.test4" tests="4" failures="0" timestamp="17 Mar 2020 18:11:29 GMT" time="0.062" errors="0">
  <testcase name="beforeLogin" time="0.016" classname="tutorial1.test4"/>
  <testcase name="beforeLogOut" time="0.015" classname="tutorial1.test4"/>
  <testcase name="afterLogIn" time="0.016" classname="tutorial1.test4"/>
  <testcase name="afterLogout" time="0.015" classname="tutorial1.test4"/>
</testsuite> <!-- tutorial1.test4 -->
