<?xml version="1.0" encoding="UTF-8"?>
<!-- Generated by org.testng.reporters.JUnitReportReporter -->
<testsuite skipped="1" hostname="DESKTOP-97PDBKT" name="tutorial1.test1" tests="5" failures="0" timestamp="08 Mar 2020 14:17:25 GMT" time="0.076" errors="0">
  <testcase name="firsttest" time="0.008" classname="tutorial1.test1"/>
  <testcase name="firstphone" time="0.016" classname="tutorial1.test1"/>
  <testcase name="firstday" time="0.040" classname="tutorial1.test1"/>
  <testcase name="firstlove" time="0.012" classname="tutorial1.test1"/>
  <testcase name="loss" classname="tutorial1.test1">
    <skipped/>
  </testcase> <!-- loss -->
</testsuite> <!-- tutorial1.test1 -->
