<?xml version="1.0" encoding="UTF-8"?>
<!-- Generated by org.testng.reporters.JUnitReportReporter -->
<testsuite skipped="1" hostname="DESKTOP-97PDBKT" name="tutorial1.test3" tests="3" failures="0" timestamp="17 Mar 2020 18:11:29 GMT" time="0.110" errors="0">
  <testcase name="publicWait" time="0.047" classname="tutorial1.test3"/>
  <testcase name="logOut" time="0.063" classname="tutorial1.test3"/>
  <testcase name="logIn" classname="tutorial1.test3">
    <skipped/>
  </testcase> <!-- logIn -->
</testsuite> <!-- tutorial1.test3 -->
